2024-07-08T00:00:01.716+03:00  INFO 4784 --- [Trading_System] [http-nio-8082-exec-7] c.e.t.service.TradingSystemImp           : Trying to Gather All Stores Details
2024-07-08T00:00:01.773+03:00  INFO 4784 --- [Trading_System] [http-nio-8082-exec-7] c.e.t.service.TradingSystemImp           : FINISHED Gather All Stores Details by JSON format
2024-07-08T00:00:02.522+03:00  INFO 4784 --- [Trading_System] [http-nio-8082-exec-8] c.e.t.service.TradingSystemImp           : Trying to Get permissions for radiay
2024-07-08T00:00:02.527+03:00  INFO 4784 --- [Trading_System] [http-nio-8082-exec-8] c.e.t.service.TradingSystemImp           : FINISHED Get permissions for radiay
2024-07-08T00:00:09.805+03:00  INFO 4784 --- [Trading_System] [http-nio-8082-exec-9] c.e.t.service.TradingSystemImp           : Trying to get discount policies for user: radiay ,store: fsfvsfg
2024-07-08T00:00:09.832+03:00  INFO 4784 --- [Trading_System] [http-nio-8082-exec-10] c.e.t.service.TradingSystemImp           : Trying to get discount conditions for user: radiay ,store: fsfvsfg
2024-07-08T00:00:16.315+03:00  INFO 4784 --- [Trading_System] [http-nio-8082-exec-1] c.e.t.service.TradingSystemImp           : Trying to add category percentage discount for user: radiay ,store: fsfvsfg, category: 4, value: 0.1
2024-07-08T00:00:16.340+03:00  INFO 4784 --- [Trading_System] [http-nio-8082-exec-2] c.e.t.service.TradingSystemImp           : Trying to get discount policies for user: radiay ,store: fsfvsfg
2024-07-08T00:00:24.878+03:00  INFO 4784 --- [Trading_System] [http-nio-8082-exec-6] c.e.t.service.TradingSystemImp           : Trying to remove discount for user: radiay ,store: fsfvsfg, index: 0
2024-07-08T00:00:27.148+03:00  INFO 4784 --- [Trading_System] [http-nio-8082-exec-5] c.e.t.service.TradingSystemImp           : Trying to remove discount for user: radiay ,store: fsfvsfg, index: 0
2024-07-08T00:00:27.153+03:00 ERROR 4784 --- [Trading_System] [http-nio-8082-exec-5] c.e.t.service.TradingSystemImp           : Error occurred while removing discount for user: radiay ,store: fsfvsfg, index: 0
2024-07-08T00:00:30.466+03:00  INFO 4784 --- [Trading_System] [MessageBroker-1] o.s.w.s.c.WebSocketMessageBrokerStats    : WebSocketSession[0 current WS(0)-HttpStream(0)-HttpPoll(0), 0 total, 0 closed abnormally (0 connect failure, 0 send limit, 0 transport error)], stompSubProtocol[processed CONNECT(0)-CONNECTED(0)-DISCONNECT(0)], stompBrokerRelay[null], inboundChannel[pool size = 0, active threads = 0, queued tasks = 0, completed tasks = 0], outboundChannel[pool size = 0, active threads = 0, queued tasks = 0, completed tasks = 0], sockJsScheduler[pool size = 1, active threads = 1, queued tasks = 0, completed tasks = 0]
2024-07-08T00:07:25.844+03:00  INFO 4784 --- [Trading_System] [http-nio-8082-exec-7] c.e.t.service.TradingSystemImp           : Trying to remove discount for user: radiay ,store: fsfvsfg, index: 0
2024-07-08T00:07:25.850+03:00 ERROR 4784 --- [Trading_System] [http-nio-8082-exec-7] c.e.t.service.TradingSystemImp           : Error occurred while removing discount for user: radiay ,store: fsfvsfg, index: 0
2024-07-08T00:09:47.164+03:00  INFO 4784 --- [Trading_System] [http-nio-8082-exec-9] c.e.t.service.TradingSystemImp           : Trying to remove discount for user: radiay ,store: fsfvsfg, index: 0
2024-07-08T00:09:47.169+03:00 ERROR 4784 --- [Trading_System] [http-nio-8082-exec-9] c.e.t.service.TradingSystemImp           : Error occurred while removing discount for user: radiay ,store: fsfvsfg, index: 0
2024-07-08T00:09:47.459+03:00  INFO 4784 --- [Trading_System] [http-nio-8082-exec-10] c.e.t.service.TradingSystemImp           : Trying to get discount policies for user: radiay ,store: fsfvsfg
2024-07-08T00:09:47.514+03:00  INFO 4784 --- [Trading_System] [http-nio-8082-exec-1] c.e.t.service.TradingSystemImp           : Trying to get discount conditions for user: radiay ,store: fsfvsfg
2024-07-08T00:09:47.610+03:00  INFO 4784 --- [Trading_System] [http-nio-8082-exec-2] c.e.t.service.TradingSystemImp           : Trying to get discount policies for user: radiay ,store: fsfvsfg
2024-07-08T00:09:47.634+03:00  INFO 4784 --- [Trading_System] [http-nio-8082-exec-3] c.e.t.service.TradingSystemImp           : Trying to get discount conditions for user: radiay ,store: fsfvsfg
2024-07-08T00:09:47.677+03:00  INFO 4784 --- [Trading_System] [http-nio-8082-exec-6] c.e.t.service.TradingSystemImp           : Trying to get discount policies for user: radiay ,store: fsfvsfg
2024-07-08T00:09:47.711+03:00  INFO 4784 --- [Trading_System] [http-nio-8082-exec-5] c.e.t.service.TradingSystemImp           : Trying to get discount conditions for user: radiay ,store: fsfvsfg
2024-07-08T00:09:47.764+03:00  INFO 4784 --- [Trading_System] [http-nio-8082-exec-4] c.e.t.service.TradingSystemImp           : Trying to get discount policies for user: radiay ,store: fsfvsfg
2024-07-08T00:09:47.796+03:00  INFO 4784 --- [Trading_System] [http-nio-8082-exec-7] c.e.t.service.TradingSystemImp           : Trying to get discount conditions for user: radiay ,store: fsfvsfg
2024-07-08T00:09:47.848+03:00  INFO 4784 --- [Trading_System] [http-nio-8082-exec-8] c.e.t.service.TradingSystemImp           : Trying to get discount policies for user: radiay ,store: fsfvsfg
2024-07-08T00:09:47.872+03:00  INFO 4784 --- [Trading_System] [http-nio-8082-exec-9] c.e.t.service.TradingSystemImp           : Trying to get discount conditions for user: radiay ,store: fsfvsfg
2024-07-08T00:09:56.488+03:00  INFO 4784 --- [Trading_System] [http-nio-8082-exec-10] c.e.t.service.TradingSystemImp           : Trying to add category percentage discount for user: radiay ,store: fsfvsfg, category: 4, value: 0.2
2024-07-08T00:09:56.501+03:00  INFO 4784 --- [Trading_System] [http-nio-8082-exec-1] c.e.t.service.TradingSystemImp           : Trying to get discount policies for user: radiay ,store: fsfvsfg
2024-07-08T00:09:59.916+03:00  INFO 4784 --- [Trading_System] [http-nio-8082-exec-3] c.e.t.service.TradingSystemImp           : Trying to remove discount for user: radiay ,store: fsfvsfg, index: 0
2024-07-08T00:10:05.190+03:00  INFO 4784 --- [Trading_System] [http-nio-8082-exec-5] c.e.t.service.TradingSystemImp           : Trying to remove discount for user: radiay ,store: fsfvsfg, index: 0
2024-07-08T00:10:05.192+03:00 ERROR 4784 --- [Trading_System] [http-nio-8082-exec-5] c.e.t.service.TradingSystemImp           : Error occurred while removing discount for user: radiay ,store: fsfvsfg, index: 0
2024-07-08T00:12:08.677+03:00  INFO 4784 --- [Trading_System] [http-nio-8082-exec-4] c.e.t.service.TradingSystemImp           : Trying to get discount policies for user: radiay ,store: fsfvsfg
2024-07-08T00:12:08.798+03:00  INFO 4784 --- [Trading_System] [http-nio-8082-exec-7] c.e.t.service.TradingSystemImp           : Trying to get discount conditions for user: radiay ,store: fsfvsfg
2024-07-08T00:12:17.204+03:00  INFO 4784 --- [Trading_System] [http-nio-8082-exec-8] c.e.t.service.TradingSystemImp           : Trying to add category percentage discount for user: radiay ,store: fsfvsfg, category: 4, value: 0.2
2024-07-08T00:12:17.217+03:00  INFO 4784 --- [Trading_System] [http-nio-8082-exec-9] c.e.t.service.TradingSystemImp           : Trying to get discount policies for user: radiay ,store: fsfvsfg
2024-07-08T00:12:19.619+03:00  INFO 4784 --- [Trading_System] [http-nio-8082-exec-1] c.e.t.service.TradingSystemImp           : Trying to remove discount for user: radiay ,store: fsfvsfg, index: 0
2024-07-08T00:12:28.138+03:00  INFO 4784 --- [Trading_System] [http-nio-8082-exec-3] c.e.t.service.TradingSystemImp           : Trying to remove discount for user: radiay ,store: fsfvsfg, index: 0
2024-07-08T00:12:28.141+03:00 ERROR 4784 --- [Trading_System] [http-nio-8082-exec-3] c.e.t.service.TradingSystemImp           : Error occurred while removing discount for user: radiay ,store: fsfvsfg, index: 0
2024-07-08T00:14:40.143+03:00  INFO 4784 --- [Trading_System] [http-nio-8082-exec-6] c.e.t.service.TradingSystemImp           : Trying to get discount policies for user: radiay ,store: fsfvsfg
2024-07-08T00:14:40.214+03:00  INFO 4784 --- [Trading_System] [http-nio-8082-exec-5] c.e.t.service.TradingSystemImp           : Trying to get discount conditions for user: radiay ,store: fsfvsfg
2024-07-08T00:14:49.201+03:00  INFO 4784 --- [Trading_System] [http-nio-8082-exec-4] c.e.t.service.TradingSystemImp           : Trying to add category percentage discount for user: radiay ,store: fsfvsfg, category: 4, value: 0.2
2024-07-08T00:14:49.215+03:00  INFO 4784 --- [Trading_System] [http-nio-8082-exec-7] c.e.t.service.TradingSystemImp           : Trying to get discount policies for user: radiay ,store: fsfvsfg
2024-07-08T00:14:55.049+03:00  INFO 4784 --- [Trading_System] [http-nio-8082-exec-9] c.e.t.service.TradingSystemImp           : Trying to remove discount for user: radiay ,store: fsfvsfg, index: 0
2024-07-08T00:15:31.082+03:00  INFO 4784 --- [Trading_System] [http-nio-8082-exec-1] c.e.t.service.TradingSystemImp           : Trying to remove discount for user: radiay ,store: fsfvsfg, index: 0
2024-07-08T00:15:31.086+03:00 ERROR 4784 --- [Trading_System] [http-nio-8082-exec-1] c.e.t.service.TradingSystemImp           : Error occurred while removing discount for user: radiay ,store: fsfvsfg, index: 0
2024-07-08T00:15:31.371+03:00  INFO 4784 --- [Trading_System] [http-nio-8082-exec-2] c.e.t.service.TradingSystemImp           : Trying to remove discount for user: radiay ,store: fsfvsfg, index: 0
2024-07-08T00:15:31.376+03:00 ERROR 4784 --- [Trading_System] [http-nio-8082-exec-2] c.e.t.service.TradingSystemImp           : Error occurred while removing discount for user: radiay ,store: fsfvsfg, index: 0
2024-07-08T00:15:31.603+03:00  INFO 4784 --- [Trading_System] [http-nio-8082-exec-3] c.e.t.service.TradingSystemImp           : Trying to remove discount for user: radiay ,store: fsfvsfg, index: 0
2024-07-08T00:15:31.606+03:00 ERROR 4784 --- [Trading_System] [http-nio-8082-exec-3] c.e.t.service.TradingSystemImp           : Error occurred while removing discount for user: radiay ,store: fsfvsfg, index: 0
2024-07-08T00:15:31.854+03:00  INFO 4784 --- [Trading_System] [http-nio-8082-exec-6] c.e.t.service.TradingSystemImp           : Trying to remove discount for user: radiay ,store: fsfvsfg, index: 0
2024-07-08T00:15:31.857+03:00 ERROR 4784 --- [Trading_System] [http-nio-8082-exec-6] c.e.t.service.TradingSystemImp           : Error occurred while removing discount for user: radiay ,store: fsfvsfg, index: 0
2024-07-08T00:15:56.623+03:00  INFO 4784 --- [Trading_System] [http-nio-8082-exec-4] c.e.t.service.TradingSystemImp           : Trying opening store with name: ergesrfgve
2024-07-08T00:15:56.626+03:00  INFO 4784 --- [Trading_System] [http-nio-8082-exec-4] c.e.t.service.UserServiceImp             : Trying opening store with name: ergesrfgve
2024-07-08T00:15:56.626+03:00  INFO 4784 --- [Trading_System] [http-nio-8082-exec-4] c.e.t.service.UserServiceImp             : Finished opening store with name: ergesrfgve
2024-07-08T00:15:56.626+03:00  INFO 4784 --- [Trading_System] [http-nio-8082-exec-4] c.e.t.service.TradingSystemImp           : Finished opening store with name: ergesrfgve
2024-07-08T00:15:57.947+03:00  INFO 4784 --- [Trading_System] [http-nio-8082-exec-7] c.e.t.service.TradingSystemImp           : Trying to Gather All Stores Details
2024-07-08T00:15:57.952+03:00  INFO 4784 --- [Trading_System] [http-nio-8082-exec-7] c.e.t.service.TradingSystemImp           : FINISHED Gather All Stores Details by JSON format
2024-07-08T00:15:59.998+03:00  INFO 4784 --- [Trading_System] [http-nio-8082-exec-8] c.e.t.service.TradingSystemImp           : Trying to Get permissions for radiay
2024-07-08T00:16:00.002+03:00  INFO 4784 --- [Trading_System] [http-nio-8082-exec-8] c.e.t.service.TradingSystemImp           : FINISHED Get permissions for radiay
2024-07-08T00:16:02.206+03:00  INFO 4784 --- [Trading_System] [http-nio-8082-exec-9] c.e.t.service.TradingSystemImp           : Trying to Gather All Stores Details
2024-07-08T00:16:02.210+03:00  INFO 4784 --- [Trading_System] [http-nio-8082-exec-9] c.e.t.service.TradingSystemImp           : FINISHED Gather All Stores Details by JSON format
2024-07-08T00:16:03.629+03:00  INFO 4784 --- [Trading_System] [http-nio-8082-exec-10] c.e.t.service.TradingSystemImp           : Trying to Get permissions for radiay
2024-07-08T00:16:03.632+03:00  INFO 4784 --- [Trading_System] [http-nio-8082-exec-10] c.e.t.service.TradingSystemImp           : FINISHED Get permissions for radiay
2024-07-08T00:16:06.445+03:00  INFO 4784 --- [Trading_System] [http-nio-8082-exec-1] c.e.t.service.TradingSystemImp           : Trying to get discount policies for user: radiay ,store: ergesrfgve
2024-07-08T00:16:06.483+03:00  INFO 4784 --- [Trading_System] [http-nio-8082-exec-2] c.e.t.service.TradingSystemImp           : Trying to get discount conditions for user: radiay ,store: ergesrfgve
2024-07-08T00:16:14.737+03:00  INFO 4784 --- [Trading_System] [http-nio-8082-exec-3] c.e.t.service.TradingSystemImp           : Trying to add category percentage discount for user: radiay ,store: ergesrfgve, category: 4, value: 0.2
2024-07-08T00:16:14.753+03:00  INFO 4784 --- [Trading_System] [http-nio-8082-exec-6] c.e.t.service.TradingSystemImp           : Trying to get discount policies for user: radiay ,store: ergesrfgve
2024-07-08T00:16:20.854+03:00  INFO 4784 --- [Trading_System] [http-nio-8082-exec-4] c.e.t.service.TradingSystemImp           : Trying to remove discount for user: radiay ,store: ergesrfgve, index: 0
2024-07-08T00:16:40.132+03:00  INFO 4784 --- [Trading_System] [http-nio-8082-exec-8] c.e.t.service.TradingSystemImp           : Trying to remove discount for user: radiay ,store: ergesrfgve, index: 0
2024-07-08T00:16:40.134+03:00 ERROR 4784 --- [Trading_System] [http-nio-8082-exec-8] c.e.t.service.TradingSystemImp           : Error occurred while removing discount for user: radiay ,store: ergesrfgve, index: 0
2024-07-08T00:18:32.629+03:00  INFO 4784 --- [Trading_System] [http-nio-8082-exec-9] c.e.t.service.TradingSystemImp           : Trying to get discount policies for user: radiay ,store: ergesrfgve
2024-07-08T00:18:32.676+03:00  INFO 4784 --- [Trading_System] [http-nio-8082-exec-10] c.e.t.service.TradingSystemImp           : Trying to get discount conditions for user: radiay ,store: ergesrfgve
2024-07-08T00:18:54.602+03:00  INFO 4784 --- [Trading_System] [http-nio-8082-exec-1] c.e.t.service.TradingSystemImp           : Trying to Gather All Stores Details
2024-07-08T00:18:54.606+03:00  INFO 4784 --- [Trading_System] [http-nio-8082-exec-1] c.e.t.service.TradingSystemImp           : FINISHED Gather All Stores Details by JSON format
2024-07-08T00:18:55.736+03:00  INFO 4784 --- [Trading_System] [http-nio-8082-exec-2] c.e.t.service.TradingSystemImp           : Trying to Get permissions for radiay
2024-07-08T00:18:55.738+03:00  INFO 4784 --- [Trading_System] [http-nio-8082-exec-2] c.e.t.service.TradingSystemImp           : FINISHED Get permissions for radiay
2024-07-08T00:18:57.309+03:00  INFO 4784 --- [Trading_System] [http-nio-8082-exec-3] c.e.t.service.TradingSystemImp           : Trying to Get permissions for radiay
2024-07-08T00:18:57.312+03:00  INFO 4784 --- [Trading_System] [http-nio-8082-exec-3] c.e.t.service.TradingSystemImp           : FINISHED Get permissions for radiay
2024-07-08T00:18:58.341+03:00  INFO 4784 --- [Trading_System] [http-nio-8082-exec-6] c.e.t.service.TradingSystemImp           : Trying to Get permissions for radiay
2024-07-08T00:18:58.344+03:00  INFO 4784 --- [Trading_System] [http-nio-8082-exec-6] c.e.t.service.TradingSystemImp           : FINISHED Get permissions for radiay
2024-07-08T00:19:18.235+03:00  INFO 4784 --- [Trading_System] [http-nio-8082-exec-5] c.e.t.service.TradingSystemImp           : Trying to Gather All Stores Details
2024-07-08T00:19:18.240+03:00  INFO 4784 --- [Trading_System] [http-nio-8082-exec-5] c.e.t.service.TradingSystemImp           : FINISHED Gather All Stores Details by JSON format
2024-07-08T00:19:19.215+03:00  INFO 4784 --- [Trading_System] [http-nio-8082-exec-4] c.e.t.service.TradingSystemImp           : Trying to Get permissions for radiay
2024-07-08T00:19:19.218+03:00  INFO 4784 --- [Trading_System] [http-nio-8082-exec-4] c.e.t.service.TradingSystemImp           : FINISHED Get permissions for radiay
2024-07-08T00:19:20.592+03:00  INFO 4784 --- [Trading_System] [http-nio-8082-exec-7] c.e.t.service.TradingSystemImp           : Trying to get discount policies for user: radiay ,store: ergesrfgve
2024-07-08T00:19:20.618+03:00  INFO 4784 --- [Trading_System] [http-nio-8082-exec-8] c.e.t.service.TradingSystemImp           : Trying to get discount conditions for user: radiay ,store: ergesrfgve
2024-07-08T00:19:49.684+03:00  INFO 4784 --- [Trading_System] [http-nio-8082-exec-10] c.e.t.service.TradingSystemImp           : Trying to add store discount for for user: radiay ,store: ergesrfgve, discountPercent: 0.2
2024-07-08T00:19:49.702+03:00  INFO 4784 --- [Trading_System] [http-nio-8082-exec-1] c.e.t.service.TradingSystemImp           : Trying to get discount policies for user: radiay ,store: ergesrfgve
2024-07-08T00:20:02.581+03:00  INFO 4784 --- [Trading_System] [http-nio-8082-exec-2] c.e.t.service.TradingSystemImp           : Trying to add category percentage discount for user: radiay ,store: ergesrfgve, category: 4, value: 0.3
2024-07-08T00:20:02.595+03:00  INFO 4784 --- [Trading_System] [http-nio-8082-exec-3] c.e.t.service.TradingSystemImp           : Trying to get discount policies for user: radiay ,store: ergesrfgve
2024-07-08T00:20:05.399+03:00  INFO 4784 --- [Trading_System] [http-nio-8082-exec-5] c.e.t.service.TradingSystemImp           : Trying to remove discount for user: radiay ,store: ergesrfgve, index: 1
2024-07-08T00:20:08.481+03:00  INFO 4784 --- [Trading_System] [http-nio-8082-exec-4] c.e.t.service.TradingSystemImp           : Trying to remove discount for user: radiay ,store: ergesrfgve, index: 1
2024-07-08T00:20:08.483+03:00 ERROR 4784 --- [Trading_System] [http-nio-8082-exec-4] c.e.t.service.TradingSystemImp           : Error occurred while removing discount for user: radiay ,store: ergesrfgve, index: 1
2024-07-08T00:20:18.870+03:00  INFO 4784 --- [Trading_System] [http-nio-8082-exec-7] c.e.t.service.TradingSystemImp           : Trying to Gather All Stores Details
2024-07-08T00:20:18.873+03:00  INFO 4784 --- [Trading_System] [http-nio-8082-exec-7] c.e.t.service.TradingSystemImp           : FINISHED Gather All Stores Details by JSON format
2024-07-08T00:20:19.382+03:00  INFO 4784 --- [Trading_System] [http-nio-8082-exec-8] c.e.t.service.TradingSystemImp           : Trying to Get permissions for radiay
2024-07-08T00:20:19.384+03:00  INFO 4784 --- [Trading_System] [http-nio-8082-exec-8] c.e.t.service.TradingSystemImp           : FINISHED Get permissions for radiay
2024-07-08T00:20:20.929+03:00  INFO 4784 --- [Trading_System] [http-nio-8082-exec-9] c.e.t.service.TradingSystemImp           : Trying to get discount policies for user: radiay ,store: ergesrfgve
2024-07-08T00:20:20.963+03:00  INFO 4784 --- [Trading_System] [http-nio-8082-exec-10] c.e.t.service.TradingSystemImp           : Trying to get discount conditions for user: radiay ,store: ergesrfgve
2024-07-08T00:20:35.407+03:00  INFO 4784 --- [Trading_System] [http-nio-8082-exec-1] c.e.t.service.TradingSystemImp           : Trying to add store discount for for user: radiay ,store: ergesrfgve, discountPercent: 0.3
2024-07-08T00:20:35.418+03:00  INFO 4784 --- [Trading_System] [http-nio-8082-exec-2] c.e.t.service.TradingSystemImp           : Trying to get discount policies for user: radiay ,store: ergesrfgve
2024-07-08T00:20:40.019+03:00  INFO 4784 --- [Trading_System] [http-nio-8082-exec-6] c.e.t.service.TradingSystemImp           : Trying to remove discount for user: radiay ,store: ergesrfgve, index: 1
2024-07-08T00:20:41.435+03:00  INFO 4784 --- [Trading_System] [http-nio-8082-exec-5] c.e.t.service.TradingSystemImp           : Trying to remove discount for user: radiay ,store: ergesrfgve, index: 1
2024-07-08T00:20:41.436+03:00 ERROR 4784 --- [Trading_System] [http-nio-8082-exec-5] c.e.t.service.TradingSystemImp           : Error occurred while removing discount for user: radiay ,store: ergesrfgve, index: 1
2024-07-08T00:20:46.603+03:00  INFO 4784 --- [Trading_System] [http-nio-8082-exec-4] c.e.t.service.TradingSystemImp           : Trying to Gather All Stores Details
2024-07-08T00:20:46.606+03:00  INFO 4784 --- [Trading_System] [http-nio-8082-exec-4] c.e.t.service.TradingSystemImp           : FINISHED Gather All Stores Details by JSON format
2024-07-08T00:20:47.558+03:00  INFO 4784 --- [Trading_System] [http-nio-8082-exec-7] c.e.t.service.TradingSystemImp           : Trying to Get permissions for radiay
2024-07-08T00:20:47.562+03:00  INFO 4784 --- [Trading_System] [http-nio-8082-exec-7] c.e.t.service.TradingSystemImp           : FINISHED Get permissions for radiay
2024-07-08T00:20:49.203+03:00  INFO 4784 --- [Trading_System] [http-nio-8082-exec-8] c.e.t.service.TradingSystemImp           : Trying to get discount policies for user: radiay ,store: ergesrfgve
2024-07-08T00:20:49.246+03:00  INFO 4784 --- [Trading_System] [http-nio-8082-exec-9] c.e.t.service.TradingSystemImp           : Trying to get discount conditions for user: radiay ,store: ergesrfgve
2024-07-08T00:21:18.462+03:00  INFO 4784 --- [Trading_System] [SpringApplicationShutdownHook] o.s.m.s.b.SimpleBrokerMessageHandler     : Stopping...
2024-07-08T00:21:18.462+03:00  INFO 4784 --- [Trading_System] [SpringApplicationShutdownHook] o.s.m.s.b.SimpleBrokerMessageHandler     : BrokerAvailabilityEvent[available=false, SimpleBrokerMessageHandler [org.springframework.messaging.simp.broker.DefaultSubscriptionRegistry@65c5bf0e]]
2024-07-08T00:21:18.462+03:00  INFO 4784 --- [Trading_System] [SpringApplicationShutdownHook] o.s.m.s.b.SimpleBrokerMessageHandler     : Stopped.
2024-07-08T00:21:34.343+03:00  INFO 25460 --- [Trading_System] [main] c.e.t.TradingSystemApplication           : Starting TradingSystemApplication using Java 22.0.1 with PID 25460 (C:\Users\adidi\Documents\trading_system\target\classes started by adidi in C:\Users\adidi\Documents\trading_system)
2024-07-08T00:21:34.349+03:00  INFO 25460 --- [Trading_System] [main] c.e.t.TradingSystemApplication           : No active profile set, falling back to 1 default profile: "default"
2024-07-08T00:21:36.511+03:00  INFO 25460 --- [Trading_System] [main] c.e.t.TradingSystemSpringConfiguration   : OpenCV is Loaded.
2024-07-08T00:21:37.370+03:00  INFO 25460 --- [Trading_System] [main] o.s.b.w.embedded.tomcat.TomcatWebServer  : Tomcat initialized with port 8082 (http)
2024-07-08T00:21:37.406+03:00  INFO 25460 --- [Trading_System] [main] o.apache.catalina.core.StandardService   : Starting service [Tomcat]
2024-07-08T00:21:37.407+03:00  INFO 25460 --- [Trading_System] [main] o.apache.catalina.core.StandardEngine    : Starting Servlet engine: [Apache Tomcat/10.1.20]
2024-07-08T00:21:37.534+03:00  INFO 25460 --- [Trading_System] [main] o.a.c.c.C.[Tomcat].[localhost].[/]       : Initializing Spring embedded WebApplicationContext
2024-07-08T00:21:37.535+03:00  INFO 25460 --- [Trading_System] [main] w.s.c.ServletWebServerApplicationContext : Root WebApplicationContext: initialization completed in 3023 ms
2024-07-08T00:21:38.250+03:00  WARN 25460 --- [Trading_System] [main] .s.s.UserDetailsServiceAutoConfiguration : 

Using generated security password: a8aa6c58-2ee5-4443-a11f-3fe4c2f6c212

This generated password is for development use only. Your security configuration must be updated before running your application in production.

2024-07-08T00:21:38.849+03:00  INFO 25460 --- [Trading_System] [main] o.s.s.web.DefaultSecurityFilterChain     : Will secure any request with [org.springframework.security.web.session.DisableEncodeUrlFilter@49edcb30, org.springframework.security.web.context.request.async.WebAsyncManagerIntegrationFilter@59303963, org.springframework.security.web.context.SecurityContextHolderFilter@1a1ccaaf, org.springframework.security.web.header.HeaderWriterFilter@365afe87, org.springframework.web.filter.CorsFilter@61e86192, org.springframework.security.web.authentication.logout.LogoutFilter@7bbcf6f0, org.springframework.security.web.savedrequest.RequestCacheAwareFilter@3cc053, org.springframework.security.web.servletapi.SecurityContextHolderAwareRequestFilter@388c519, org.springframework.security.web.authentication.AnonymousAuthenticationFilter@34330f77, org.springframework.security.web.access.ExceptionTranslationFilter@160e99e0, org.springframework.security.web.access.intercept.FilterSecurityInterceptor@2eb60c71]
2024-07-08T00:21:39.250+03:00  INFO 25460 --- [Trading_System] [main] o.s.b.w.embedded.tomcat.TomcatWebServer  : Tomcat started on port 8082 (http) with context path ''
2024-07-08T00:21:39.256+03:00  INFO 25460 --- [Trading_System] [main] o.s.m.s.b.SimpleBrokerMessageHandler     : Starting...
2024-07-08T00:21:39.262+03:00  INFO 25460 --- [Trading_System] [main] o.s.m.s.b.SimpleBrokerMessageHandler     : BrokerAvailabilityEvent[available=true, SimpleBrokerMessageHandler [org.springframework.messaging.simp.broker.DefaultSubscriptionRegistry@f5bf288]]
2024-07-08T00:21:39.263+03:00  INFO 25460 --- [Trading_System] [main] o.s.m.s.b.SimpleBrokerMessageHandler     : Started.
2024-07-08T00:21:39.281+03:00  INFO 25460 --- [Trading_System] [main] c.e.t.TradingSystemApplication           : Started TradingSystemApplication in 6.379 seconds (process running for 7.497)
2024-07-08T00:21:46.450+03:00  INFO 25460 --- [Trading_System] [http-nio-8082-exec-1] o.a.c.c.C.[Tomcat].[localhost].[/]       : Initializing Spring DispatcherServlet 'dispatcherServlet'
2024-07-08T00:21:46.451+03:00  INFO 25460 --- [Trading_System] [http-nio-8082-exec-1] o.s.web.servlet.DispatcherServlet        : Initializing Servlet 'dispatcherServlet'
2024-07-08T00:21:46.452+03:00  INFO 25460 --- [Trading_System] [http-nio-8082-exec-1] o.s.web.servlet.DispatcherServlet        : Completed initialization in 1 ms
2024-07-08T00:21:46.584+03:00  INFO 25460 --- [Trading_System] [http-nio-8082-exec-1] c.e.t.service.TradingSystemImp           : Trying to get discount policies for user: radiay ,store: ergesrfgve
2024-07-08T00:21:46.586+03:00  WARN 25460 --- [Trading_System] [http-nio-8082-exec-1] c.e.t.service.TradingSystemImp           : System is not open
2024-07-08T00:21:46.631+03:00  INFO 25460 --- [Trading_System] [http-nio-8082-exec-2] c.e.t.service.TradingSystemImp           : Trying to get discount conditions for user: radiay ,store: ergesrfgve
2024-07-08T00:21:46.632+03:00  WARN 25460 --- [Trading_System] [http-nio-8082-exec-2] c.e.t.service.TradingSystemImp           : System is not open
2024-07-08T00:21:50.034+03:00  INFO 25460 --- [Trading_System] [http-nio-8082-exec-3] c.e.t.service.TradingSystemImp           : Attempting to logout user: radiay
2024-07-08T00:21:50.034+03:00  WARN 25460 --- [Trading_System] [http-nio-8082-exec-3] c.e.t.service.TradingSystemImp           : System is not open
2024-07-08T00:22:04.011+03:00  INFO 25460 --- [Trading_System] [http-nio-8082-exec-4] c.e.t.service.TradingSystemImp           : Attempting to register user: adiay with password : Ac123456 and birthdate : 2003-02-17 
2024-07-08T00:22:04.277+03:00  INFO 25460 --- [Trading_System] [http-nio-8082-exec-4] c.e.t.service.TradingSystemImp           : User registered successfully : adiay with password : Ac123456 and birthdate : 2003-02-17
2024-07-08T00:22:04.329+03:00  INFO 25460 --- [Trading_System] [http-nio-8082-exec-5] c.e.t.service.TradingSystemImp           : Attempting to open system
2024-07-08T00:22:04.330+03:00  INFO 25460 --- [Trading_System] [http-nio-8082-exec-5] c.e.t.service.TradingSystemImp           : System opened successfully
2024-07-08T00:22:04.330+03:00  INFO 25460 --- [Trading_System] [http-nio-8082-exec-5] c.e.t.service.TradingSystemImp           : Attempting to enter system
2024-07-08T00:22:04.330+03:00  INFO 25460 --- [Trading_System] [http-nio-8082-exec-5] c.e.t.service.TradingSystemImp           : Trying enter to system as a visitor , with id : 0
2024-07-08T00:22:04.498+03:00  INFO 25460 --- [Trading_System] [http-nio-8082-exec-5] c.e.t.service.TradingSystemImp           : User entered successfully with token: eyJhbGciOiJIUzI1NiJ9.eyJzdWIiOiJ2MCIsImlhdCI6MTcyMDM4NzMyNCwiZXhwIjoxNzIwNDIzMzI0fQ.X9S2tJ9Yh4ZsITcHh69XJm-bWwITXD08j2v-pNwVf7s and username: v0
2024-07-08T00:22:11.793+03:00  INFO 25460 --- [Trading_System] [http-nio-8082-exec-6] c.e.t.service.TradingSystemImp           : Attempting to login user: adiay
2024-07-08T00:22:11.794+03:00  INFO 25460 --- [Trading_System] [http-nio-8082-exec-6] c.e.t.service.UserServiceImp             : Trying to login user: adiay
2024-07-08T00:22:11.979+03:00  INFO 25460 --- [Trading_System] [http-nio-8082-exec-6] c.e.t.service.UserServiceImp             : User: adiay logged in
2024-07-08T00:22:12.034+03:00  INFO 25460 --- [Trading_System] [http-nio-8082-exec-6] c.e.t.service.TradingSystemImp           : User: adiay logged in successfully
2024-07-08T00:22:13.130+03:00  INFO 25460 --- [Trading_System] [http-nio-8082-exec-7] c.e.t.service.TradingSystemImp           : Trying to Gather All Stores Details
2024-07-08T00:22:13.137+03:00  INFO 25460 --- [Trading_System] [http-nio-8082-exec-7] c.e.t.service.TradingSystemImp           : FINISHED Gather All Stores Details by JSON format
2024-07-08T00:22:16.896+03:00  INFO 25460 --- [Trading_System] [http-nio-8082-exec-8] c.e.t.service.TradingSystemImp           : Trying opening store with name: erfewrg
2024-07-08T00:22:16.900+03:00  INFO 25460 --- [Trading_System] [http-nio-8082-exec-8] c.e.t.service.UserServiceImp             : Trying opening store with name: erfewrg
2024-07-08T00:22:16.906+03:00  INFO 25460 --- [Trading_System] [http-nio-8082-exec-8] c.e.t.service.UserServiceImp             : Finished opening store with name: erfewrg
2024-07-08T00:22:16.907+03:00  INFO 25460 --- [Trading_System] [http-nio-8082-exec-8] c.e.t.service.TradingSystemImp           : Finished opening store with name: erfewrg
2024-07-08T00:22:18.504+03:00  INFO 25460 --- [Trading_System] [http-nio-8082-exec-10] c.e.t.service.TradingSystemImp           : Trying to Gather All Stores Details
2024-07-08T00:22:18.508+03:00  INFO 25460 --- [Trading_System] [http-nio-8082-exec-10] c.e.t.service.TradingSystemImp           : FINISHED Gather All Stores Details by JSON format
2024-07-08T00:22:19.403+03:00  INFO 25460 --- [Trading_System] [http-nio-8082-exec-1] c.e.t.service.TradingSystemImp           : Trying to Get permissions for radiay
2024-07-08T00:22:19.406+03:00  INFO 25460 --- [Trading_System] [http-nio-8082-exec-1] c.e.t.service.TradingSystemImp           : FINISHED Get permissions for radiay
2024-07-08T00:22:21.361+03:00  INFO 25460 --- [Trading_System] [http-nio-8082-exec-2] c.e.t.service.TradingSystemImp           : Trying to get discount policies for user: radiay ,store: erfewrg
2024-07-08T00:22:21.390+03:00  INFO 25460 --- [Trading_System] [http-nio-8082-exec-3] c.e.t.service.TradingSystemImp           : Trying to get discount conditions for user: radiay ,store: erfewrg
2024-07-08T00:22:30.468+03:00  INFO 25460 --- [Trading_System] [http-nio-8082-exec-4] c.e.t.service.TradingSystemImp           : Trying to add category percentage discount for user: radiay ,store: erfewrg, category: 4, value: 0.2
2024-07-08T00:22:30.491+03:00  INFO 25460 --- [Trading_System] [http-nio-8082-exec-5] c.e.t.service.TradingSystemImp           : Trying to get discount policies for user: radiay ,store: erfewrg
2024-07-08T00:22:36.603+03:00  INFO 25460 --- [Trading_System] [http-nio-8082-exec-6] c.e.t.service.TradingSystemImp           : Trying to add store discount for for user: radiay ,store: erfewrg, discountPercent: 0.3
2024-07-08T00:22:36.624+03:00  INFO 25460 --- [Trading_System] [http-nio-8082-exec-7] c.e.t.service.TradingSystemImp           : Trying to get discount policies for user: radiay ,store: erfewrg
2024-07-08T00:22:39.199+03:00  INFO 25460 --- [Trading_System] [MessageBroker-1] o.s.w.s.c.WebSocketMessageBrokerStats    : WebSocketSession[0 current WS(0)-HttpStream(0)-HttpPoll(0), 0 total, 0 closed abnormally (0 connect failure, 0 send limit, 0 transport error)], stompSubProtocol[processed CONNECT(0)-CONNECTED(0)-DISCONNECT(0)], stompBrokerRelay[null], inboundChannel[pool size = 0, active threads = 0, queued tasks = 0, completed tasks = 0], outboundChannel[pool size = 0, active threads = 0, queued tasks = 0, completed tasks = 0], sockJsScheduler[pool size = 1, active threads = 1, queued tasks = 0, completed tasks = 0]
2024-07-08T00:22:57.618+03:00  INFO 25460 --- [Trading_System] [http-nio-8082-exec-8] c.e.t.service.TradingSystemImp           : Trying to remove discount for user: radiay ,store: erfewrg, index: 1
2024-07-08T00:24:18.556+03:00  INFO 25460 --- [Trading_System] [http-nio-8082-exec-1] c.e.t.service.TradingSystemImp           : Trying to Gather All Stores Details
2024-07-08T00:24:18.561+03:00  INFO 25460 --- [Trading_System] [http-nio-8082-exec-1] c.e.t.service.TradingSystemImp           : FINISHED Gather All Stores Details by JSON format
2024-07-08T00:24:19.323+03:00  INFO 25460 --- [Trading_System] [http-nio-8082-exec-2] c.e.t.service.TradingSystemImp           : Trying to Get permissions for radiay
2024-07-08T00:24:19.326+03:00  INFO 25460 --- [Trading_System] [http-nio-8082-exec-2] c.e.t.service.TradingSystemImp           : FINISHED Get permissions for radiay
2024-07-08T00:24:20.532+03:00  INFO 25460 --- [Trading_System] [http-nio-8082-exec-3] c.e.t.service.TradingSystemImp           : Trying to get discount policies for user: radiay ,store: erfewrg
2024-07-08T00:24:20.579+03:00  INFO 25460 --- [Trading_System] [http-nio-8082-exec-4] c.e.t.service.TradingSystemImp           : Trying to get discount conditions for user: radiay ,store: erfewrg
2024-07-08T00:24:35.209+03:00  INFO 25460 --- [Trading_System] [http-nio-8082-exec-6] c.e.t.service.TradingSystemImp           : Trying to remove discount for user: radiay ,store: erfewrg, index: 0
2024-07-08T00:25:50.544+03:00  INFO 25460 --- [Trading_System] [http-nio-8082-exec-7] c.e.t.service.TradingSystemImp           : Trying to get discount policies for user: radiay ,store: erfewrg
2024-07-08T00:25:50.571+03:00  INFO 25460 --- [Trading_System] [http-nio-8082-exec-9] c.e.t.service.TradingSystemImp           : Trying to get discount conditions for user: radiay ,store: erfewrg
2024-07-08T00:26:16.453+03:00  INFO 25460 --- [Trading_System] [SpringApplicationShutdownHook] o.s.m.s.b.SimpleBrokerMessageHandler     : Stopping...
2024-07-08T00:26:16.454+03:00  INFO 25460 --- [Trading_System] [SpringApplicationShutdownHook] o.s.m.s.b.SimpleBrokerMessageHandler     : BrokerAvailabilityEvent[available=false, SimpleBrokerMessageHandler [org.springframework.messaging.simp.broker.DefaultSubscriptionRegistry@f5bf288]]
2024-07-08T00:26:16.454+03:00  INFO 25460 --- [Trading_System] [SpringApplicationShutdownHook] o.s.m.s.b.SimpleBrokerMessageHandler     : Stopped.
2024-07-08T00:26:41.624+03:00  INFO 21064 --- [Trading_System] [main] c.e.t.TradingSystemApplication           : Starting TradingSystemApplication using Java 22.0.1 with PID 21064 (C:\Users\adidi\Documents\trading_system\target\classes started by adidi in C:\Users\adidi\Documents\trading_system)
2024-07-08T00:26:41.630+03:00  INFO 21064 --- [Trading_System] [main] c.e.t.TradingSystemApplication           : No active profile set, falling back to 1 default profile: "default"
2024-07-08T00:26:43.752+03:00  INFO 21064 --- [Trading_System] [main] c.e.t.TradingSystemSpringConfiguration   : OpenCV is Loaded.
2024-07-08T00:26:44.488+03:00  INFO 21064 --- [Trading_System] [main] o.s.b.w.embedded.tomcat.TomcatWebServer  : Tomcat initialized with port 8082 (http)
2024-07-08T00:26:44.533+03:00  INFO 21064 --- [Trading_System] [main] o.apache.catalina.core.StandardService   : Starting service [Tomcat]
2024-07-08T00:26:44.534+03:00  INFO 21064 --- [Trading_System] [main] o.apache.catalina.core.StandardEngine    : Starting Servlet engine: [Apache Tomcat/10.1.20]
2024-07-08T00:26:44.662+03:00  INFO 21064 --- [Trading_System] [main] o.a.c.c.C.[Tomcat].[localhost].[/]       : Initializing Spring embedded WebApplicationContext
2024-07-08T00:26:44.663+03:00  INFO 21064 --- [Trading_System] [main] w.s.c.ServletWebServerApplicationContext : Root WebApplicationContext: initialization completed in 2902 ms
2024-07-08T00:26:45.383+03:00  WARN 21064 --- [Trading_System] [main] .s.s.UserDetailsServiceAutoConfiguration : 

Using generated security password: 78204f6e-f985-464e-a1b0-a3f311d6fd0f

This generated password is for development use only. Your security configuration must be updated before running your application in production.

2024-07-08T00:26:45.922+03:00  INFO 21064 --- [Trading_System] [main] o.s.s.web.DefaultSecurityFilterChain     : Will secure any request with [org.springframework.security.web.session.DisableEncodeUrlFilter@52d0f583, org.springframework.security.web.context.request.async.WebAsyncManagerIntegrationFilter@7fb8bad0, org.springframework.security.web.context.SecurityContextHolderFilter@594131f2, org.springframework.security.web.header.HeaderWriterFilter@1c628f6a, org.springframework.web.filter.CorsFilter@12d40609, org.springframework.security.web.authentication.logout.LogoutFilter@499ee966, org.springframework.security.web.savedrequest.RequestCacheAwareFilter@7bee8621, org.springframework.security.web.servletapi.SecurityContextHolderAwareRequestFilter@4e0cc334, org.springframework.security.web.authentication.AnonymousAuthenticationFilter@76437e9b, org.springframework.security.web.access.ExceptionTranslationFilter@3a38f122, org.springframework.security.web.access.intercept.FilterSecurityInterceptor@34330f77]
2024-07-08T00:26:46.254+03:00  INFO 21064 --- [Trading_System] [main] o.s.b.w.embedded.tomcat.TomcatWebServer  : Tomcat started on port 8082 (http) with context path ''
2024-07-08T00:26:46.258+03:00  INFO 21064 --- [Trading_System] [main] o.s.m.s.b.SimpleBrokerMessageHandler     : Starting...
2024-07-08T00:26:46.262+03:00  INFO 21064 --- [Trading_System] [main] o.s.m.s.b.SimpleBrokerMessageHandler     : BrokerAvailabilityEvent[available=true, SimpleBrokerMessageHandler [org.springframework.messaging.simp.broker.DefaultSubscriptionRegistry@20440c6c]]
2024-07-08T00:26:46.263+03:00  INFO 21064 --- [Trading_System] [main] o.s.m.s.b.SimpleBrokerMessageHandler     : Started.
2024-07-08T00:26:46.279+03:00  INFO 21064 --- [Trading_System] [main] c.e.t.TradingSystemApplication           : Started TradingSystemApplication in 6.006 seconds (process running for 7.086)
2024-07-08T00:26:46.536+03:00  INFO 21064 --- [Trading_System] [http-nio-8082-exec-2] o.a.c.c.C.[Tomcat].[localhost].[/]       : Initializing Spring DispatcherServlet 'dispatcherServlet'
2024-07-08T00:26:46.537+03:00  INFO 21064 --- [Trading_System] [http-nio-8082-exec-2] o.s.web.servlet.DispatcherServlet        : Initializing Servlet 'dispatcherServlet'
2024-07-08T00:26:46.539+03:00  INFO 21064 --- [Trading_System] [http-nio-8082-exec-2] o.s.web.servlet.DispatcherServlet        : Completed initialization in 2 ms
2024-07-08T00:26:46.689+03:00  INFO 21064 --- [Trading_System] [http-nio-8082-exec-2] c.e.t.service.TradingSystemImp           : Attempting to logout user: radiay
2024-07-08T00:26:46.692+03:00  WARN 21064 --- [Trading_System] [http-nio-8082-exec-2] c.e.t.service.TradingSystemImp           : System is not open
2024-07-08T00:27:00.582+03:00  INFO 21064 --- [Trading_System] [http-nio-8082-exec-1] c.e.t.service.TradingSystemImp           : Attempting to register user: adiay with password : Ac123456 and birthdate : 2003-07-23 
2024-07-08T00:27:00.815+03:00  INFO 21064 --- [Trading_System] [http-nio-8082-exec-1] c.e.t.service.TradingSystemImp           : User registered successfully : adiay with password : Ac123456 and birthdate : 2003-07-23
2024-07-08T00:27:00.865+03:00  INFO 21064 --- [Trading_System] [http-nio-8082-exec-3] c.e.t.service.TradingSystemImp           : Attempting to open system
2024-07-08T00:27:00.868+03:00  INFO 21064 --- [Trading_System] [http-nio-8082-exec-3] c.e.t.service.TradingSystemImp           : System opened successfully
2024-07-08T00:27:00.869+03:00  INFO 21064 --- [Trading_System] [http-nio-8082-exec-3] c.e.t.service.TradingSystemImp           : Attempting to enter system
2024-07-08T00:27:00.869+03:00  INFO 21064 --- [Trading_System] [http-nio-8082-exec-3] c.e.t.service.TradingSystemImp           : Trying enter to system as a visitor , with id : 0
2024-07-08T00:27:01.038+03:00  INFO 21064 --- [Trading_System] [http-nio-8082-exec-3] c.e.t.service.TradingSystemImp           : User entered successfully with token: eyJhbGciOiJIUzI1NiJ9.eyJzdWIiOiJ2MCIsImlhdCI6MTcyMDM4NzYyMCwiZXhwIjoxNzIwNDIzNjIwfQ.W_PuT0-HwRNmlvXvgcj6ujBnQTIehnvUZtvHNTitGJs and username: v0
2024-07-08T00:27:07.343+03:00  INFO 21064 --- [Trading_System] [http-nio-8082-exec-4] c.e.t.service.TradingSystemImp           : Attempting to login user: adiay
2024-07-08T00:27:07.343+03:00  INFO 21064 --- [Trading_System] [http-nio-8082-exec-4] c.e.t.service.UserServiceImp             : Trying to login user: adiay
2024-07-08T00:27:07.553+03:00  INFO 21064 --- [Trading_System] [http-nio-8082-exec-4] c.e.t.service.UserServiceImp             : User: adiay logged in
2024-07-08T00:27:07.620+03:00  INFO 21064 --- [Trading_System] [http-nio-8082-exec-4] c.e.t.service.TradingSystemImp           : User: adiay logged in successfully
2024-07-08T00:27:10.973+03:00  INFO 21064 --- [Trading_System] [http-nio-8082-exec-6] c.e.t.service.TradingSystemImp           : Trying opening store with name: erfgerg
2024-07-08T00:27:10.980+03:00  INFO 21064 --- [Trading_System] [http-nio-8082-exec-6] c.e.t.service.UserServiceImp             : Trying opening store with name: erfgerg
2024-07-08T00:27:10.983+03:00  INFO 21064 --- [Trading_System] [http-nio-8082-exec-6] c.e.t.service.UserServiceImp             : Finished opening store with name: erfgerg
2024-07-08T00:27:10.984+03:00  INFO 21064 --- [Trading_System] [http-nio-8082-exec-6] c.e.t.service.TradingSystemImp           : Finished opening store with name: erfgerg
2024-07-08T00:27:12.280+03:00  INFO 21064 --- [Trading_System] [http-nio-8082-exec-8] c.e.t.service.TradingSystemImp           : Trying to Gather All Stores Details
2024-07-08T00:27:12.287+03:00  INFO 21064 --- [Trading_System] [http-nio-8082-exec-8] c.e.t.service.TradingSystemImp           : FINISHED Gather All Stores Details by JSON format
2024-07-08T00:27:13.018+03:00  INFO 21064 --- [Trading_System] [http-nio-8082-exec-7] c.e.t.service.TradingSystemImp           : Trying to Get permissions for radiay
2024-07-08T00:27:13.021+03:00  INFO 21064 --- [Trading_System] [http-nio-8082-exec-7] c.e.t.service.TradingSystemImp           : FINISHED Get permissions for radiay
2024-07-08T00:27:14.970+03:00  INFO 21064 --- [Trading_System] [http-nio-8082-exec-10] c.e.t.service.TradingSystemImp           : Trying to get discount policies for user: radiay ,store: erfgerg
2024-07-08T00:27:14.998+03:00  INFO 21064 --- [Trading_System] [http-nio-8082-exec-9] c.e.t.service.TradingSystemImp           : Trying to get discount conditions for user: radiay ,store: erfgerg
2024-07-08T00:27:22.284+03:00  INFO 21064 --- [Trading_System] [http-nio-8082-exec-2] c.e.t.service.TradingSystemImp           : Trying to add category percentage discount for user: radiay ,store: erfgerg, category: 3, value: 0.2
2024-07-08T00:27:22.308+03:00  INFO 21064 --- [Trading_System] [http-nio-8082-exec-1] c.e.t.service.TradingSystemImp           : Trying to get discount policies for user: radiay ,store: erfgerg
2024-07-08T00:27:25.789+03:00  INFO 21064 --- [Trading_System] [http-nio-8082-exec-3] c.e.t.service.TradingSystemImp           : Trying to Gather All Stores Details
2024-07-08T00:27:25.800+03:00  INFO 21064 --- [Trading_System] [http-nio-8082-exec-3] c.e.t.service.TradingSystemImp           : FINISHED Gather All Stores Details by JSON format
2024-07-08T00:27:26.478+03:00  INFO 21064 --- [Trading_System] [http-nio-8082-exec-4] c.e.t.service.TradingSystemImp           : Trying to Get permissions for radiay
2024-07-08T00:27:26.482+03:00  INFO 21064 --- [Trading_System] [http-nio-8082-exec-4] c.e.t.service.TradingSystemImp           : FINISHED Get permissions for radiay
2024-07-08T00:27:27.709+03:00  INFO 21064 --- [Trading_System] [http-nio-8082-exec-5] c.e.t.service.TradingSystemImp           : Trying to get discount policies for user: radiay ,store: erfgerg
2024-07-08T00:27:27.752+03:00  INFO 21064 --- [Trading_System] [http-nio-8082-exec-6] c.e.t.service.TradingSystemImp           : Trying to get discount conditions for user: radiay ,store: erfgerg
2024-07-08T00:27:46.212+03:00  INFO 21064 --- [Trading_System] [MessageBroker-1] o.s.w.s.c.WebSocketMessageBrokerStats    : WebSocketSession[0 current WS(0)-HttpStream(0)-HttpPoll(0), 0 total, 0 closed abnormally (0 connect failure, 0 send limit, 0 transport error)], stompSubProtocol[processed CONNECT(0)-CONNECTED(0)-DISCONNECT(0)], stompBrokerRelay[null], inboundChannel[pool size = 0, active threads = 0, queued tasks = 0, completed tasks = 0], outboundChannel[pool size = 0, active threads = 0, queued tasks = 0, completed tasks = 0], sockJsScheduler[pool size = 1, active threads = 1, queued tasks = 0, completed tasks = 0]
2024-07-08T01:14:36.827+03:00  INFO 21064 --- [Trading_System] [http-nio-8082-exec-10] c.e.t.service.TradingSystemImp           : Trying to get discount policies for user: radiay ,store: erfgerg
2024-07-08T01:14:36.863+03:00  INFO 21064 --- [Trading_System] [http-nio-8082-exec-9] c.e.t.service.TradingSystemImp           : Trying to get discount conditions for user: radiay ,store: erfgerg
2024-07-08T01:14:42.539+03:00  INFO 21064 --- [Trading_System] [http-nio-8082-exec-2] c.e.t.service.TradingSystemImp           : Trying to Gather All Stores Details
2024-07-08T01:14:42.542+03:00  INFO 21064 --- [Trading_System] [http-nio-8082-exec-2] c.e.t.service.TradingSystemImp           : FINISHED Gather All Stores Details by JSON format
2024-07-08T01:14:43.211+03:00  INFO 21064 --- [Trading_System] [http-nio-8082-exec-1] c.e.t.service.TradingSystemImp           : Trying to Get permissions for radiay
2024-07-08T01:14:43.212+03:00  INFO 21064 --- [Trading_System] [http-nio-8082-exec-1] c.e.t.service.TradingSystemImp           : FINISHED Get permissions for radiay
2024-07-08T01:14:45.360+03:00  INFO 21064 --- [Trading_System] [http-nio-8082-exec-3] c.e.t.service.TradingSystemImp           : Fetching purchase policies info for user: radiay, store: erfgerg
2024-07-08T01:14:45.369+03:00  INFO 21064 --- [Trading_System] [http-nio-8082-exec-4] c.e.t.service.TradingSystemImp           : Trying to Gather Categories
2024-07-08T01:14:45.370+03:00  INFO 21064 --- [Trading_System] [http-nio-8082-exec-4] c.e.t.service.TradingSystemImp           : FINISHED Gather Categories
2024-07-08T01:14:53.269+03:00  INFO 21064 --- [Trading_System] [http-nio-8082-exec-5] c.e.t.service.TradingSystemImp           : Adding AND purchase policy for user: radiay, store: erfgerg
2024-07-08T01:14:53.283+03:00  INFO 21064 --- [Trading_System] [http-nio-8082-exec-6] c.e.t.service.TradingSystemImp           : Fetching purchase policies info for user: radiay, store: erfgerg
2024-07-08T01:15:14.675+03:00  INFO 21064 --- [Trading_System] [http-nio-8082-exec-8] c.e.t.service.TradingSystemImp           : Adding age-based purchase policy for user: radiay, store: erfgerg, ageToCheck: 18, category: 3
2024-07-08T01:15:14.685+03:00  INFO 21064 --- [Trading_System] [http-nio-8082-exec-7] c.e.t.service.TradingSystemImp           : Fetching purchase policies info for user: radiay, store: erfgerg
2024-07-08T01:20:11.104+03:00  INFO 21064 --- [Trading_System] [MessageBroker-1] o.s.w.s.c.WebSocketMessageBrokerStats    : WebSocketSession[0 current WS(0)-HttpStream(0)-HttpPoll(0), 0 total, 0 closed abnormally (0 connect failure, 0 send limit, 0 transport error)], stompSubProtocol[processed CONNECT(0)-CONNECTED(0)-DISCONNECT(0)], stompBrokerRelay[null], inboundChannel[pool size = 0, active threads = 0, queued tasks = 0, completed tasks = 0], outboundChannel[pool size = 0, active threads = 0, queued tasks = 0, completed tasks = 0], sockJsScheduler[pool size = 2, active threads = 1, queued tasks = 0, completed tasks = 1]
2024-07-08T01:21:14.235+03:00  INFO 21064 --- [Trading_System] [http-nio-8082-exec-9] c.e.t.service.TradingSystemImp           : Fetching purchase policies info for user: radiay, store: erfgerg
2024-07-08T01:21:14.296+03:00  INFO 21064 --- [Trading_System] [http-nio-8082-exec-2] c.e.t.service.TradingSystemImp           : Trying to Gather Categories
2024-07-08T01:21:14.299+03:00  INFO 21064 --- [Trading_System] [http-nio-8082-exec-2] c.e.t.service.TradingSystemImp           : FINISHED Gather Categories
2024-07-08T01:21:19.387+03:00  INFO 21064 --- [Trading_System] [http-nio-8082-exec-1] c.e.t.service.TradingSystemImp           : Fetching purchase policies info for user: radiay, store: erfgerg
2024-07-08T01:21:19.417+03:00  INFO 21064 --- [Trading_System] [http-nio-8082-exec-3] c.e.t.service.TradingSystemImp           : Trying to Gather Categories
2024-07-08T01:21:19.418+03:00  INFO 21064 --- [Trading_System] [http-nio-8082-exec-3] c.e.t.service.TradingSystemImp           : FINISHED Gather Categories
2024-07-08T01:24:25.785+03:00  INFO 21064 --- [Trading_System] [http-nio-8082-exec-5] c.e.t.service.TradingSystemImp           : Fetching purchase policies info for user: radiay, store: erfgerg
2024-07-08T01:24:25.863+03:00  INFO 21064 --- [Trading_System] [http-nio-8082-exec-6] c.e.t.service.TradingSystemImp           : Trying to Gather Categories
2024-07-08T01:24:25.865+03:00  INFO 21064 --- [Trading_System] [http-nio-8082-exec-6] c.e.t.service.TradingSystemImp           : FINISHED Gather Categories
2024-07-08T01:24:41.640+03:00  INFO 21064 --- [Trading_System] [http-nio-8082-exec-8] c.e.t.service.TradingSystemImp           : Adding age-based purchase policy for user: radiay, store: erfgerg, ageToCheck: 18, category: 1
2024-07-08T01:24:41.649+03:00  INFO 21064 --- [Trading_System] [http-nio-8082-exec-7] c.e.t.service.TradingSystemImp           : Fetching purchase policies info for user: radiay, store: erfgerg
2024-07-08T01:30:31.307+03:00  INFO 21064 --- [Trading_System] [SpringApplicationShutdownHook] o.s.m.s.b.SimpleBrokerMessageHandler     : Stopping...
2024-07-08T01:30:31.308+03:00  INFO 21064 --- [Trading_System] [SpringApplicationShutdownHook] o.s.m.s.b.SimpleBrokerMessageHandler     : BrokerAvailabilityEvent[available=false, SimpleBrokerMessageHandler [org.springframework.messaging.simp.broker.DefaultSubscriptionRegistry@20440c6c]]
2024-07-08T01:30:31.308+03:00  INFO 21064 --- [Trading_System] [SpringApplicationShutdownHook] o.s.m.s.b.SimpleBrokerMessageHandler     : Stopped.
